<?xml version="1.0" encoding="UTF-8"?>
<!-- Generated by org.testng.reporters.JUnitReportReporter -->
<testsuite hostname="DESKTOP-IFL145M" failures="0" tests="1" name="fw_JavaAutomationSelenium_Tests.Tc1_Agregar_producto_nuevo_al_stock" time="3.676" errors="0" timestamp="2026-05-19T15:28:06 CST" skipped="0">
  <testcase classname="fw_JavaAutomationSelenium_Tests.Tc1_Agregar_producto_nuevo_al_stock" name="Tc1_Agregar_producto_nuevo_al_stock" time="3.676"/>
</testsuite> <!-- fw_JavaAutomationSelenium_Tests.Tc1_Agregar_producto_nuevo_al_stock -->
