<?xml version="1.0" encoding="UTF-8"?>
<testng-results ignored="0" total="1" passed="1" failed="0" skipped="0">
  <reporter-output>
  </reporter-output>
  <suite started-at="2026-05-26T12:35:55 CST" name="Default suite" finished-at="2026-05-26T12:36:18 CST" duration-ms="22821">
    <groups>
    </groups>
    <test started-at="2026-05-26T12:35:55 CST" name="Default test" finished-at="2026-05-26T12:36:18 CST" duration-ms="22821">
      <class name="ParaBank.Tc1_Registrar_nuevo_usuario">
        <test-method is-config="true" signature="BeforeClass()[pri:0, instance:ParaBank.Tc1_Registrar_nuevo_usuario@7a527389]" started-at="2026-05-26T12:35:55 CST" name="BeforeClass" finished-at="2026-05-26T12:36:11 CST" duration-ms="15722" status="PASS">
          <reporter-output>
          </reporter-output>
        </test-method> <!-- BeforeClass -->
        <test-method is-config="true" signature="BeforeMethod()[pri:0, instance:ParaBank.Tc1_Registrar_nuevo_usuario@7a527389]" started-at="2026-05-26T12:36:11 CST" name="BeforeMethod" finished-at="2026-05-26T12:36:12 CST" duration-ms="917" status="PASS">
          <reporter-output>
          </reporter-output>
        </test-method> <!-- BeforeMethod -->
        <test-method signature="Tc1_Registrar_nuevo_usuario()[pri:0, instance:ParaBank.Tc1_Registrar_nuevo_usuario@7a527389]" started-at="2026-05-26T12:36:12 CST" name="Tc1_Registrar_nuevo_usuario" finished-at="2026-05-26T12:36:17 CST" duration-ms="5625" status="PASS">
          <reporter-output>
          </reporter-output>
        </test-method> <!-- Tc1_Registrar_nuevo_usuario -->
        <test-method is-config="true" signature="AfterMethod()[pri:0, instance:ParaBank.Tc1_Registrar_nuevo_usuario@7a527389]" started-at="2026-05-26T12:36:17 CST" name="AfterMethod" finished-at="2026-05-26T12:36:17 CST" duration-ms="221" status="PASS">
          <reporter-output>
          </reporter-output>
        </test-method> <!-- AfterMethod -->
        <test-method is-config="true" signature="AfterClass()[pri:0, instance:ParaBank.Tc1_Registrar_nuevo_usuario@7a527389]" started-at="2026-05-26T12:36:17 CST" name="AfterClass" finished-at="2026-05-26T12:36:18 CST" duration-ms="227" status="PASS">
          <reporter-output>
          </reporter-output>
        </test-method> <!-- AfterClass -->
      </class> <!-- ParaBank.Tc1_Registrar_nuevo_usuario -->
    </test> <!-- Default test -->
  </suite> <!-- Default suite -->
</testng-results>
